2019-03-24 16:19:20.928 INFO  (main) [   ] o.e.j.u.log Logging initialized @1212ms to org.eclipse.jetty.util.log.Slf4jLog
2019-03-24 16:19:21.101 WARN  (main) [   ] o.e.j.s.AbstractConnector Ignoring deprecated socket close linger time
2019-03-24 16:19:21.109 INFO  (main) [   ] o.e.j.s.Server jetty-9.4.14.v20181114; built: 2018-11-14T21:20:31.478Z; git: c4550056e785fb5665914545889f21dc136ad9e6; jvm 11.0.2+9-LTS
2019-03-24 16:19:21.136 INFO  (main) [   ] o.e.j.d.p.ScanningAppProvider Deployment monitor [file:///D:/%E4%B8%AD%E5%A4%AE%E5%AD%B8%E7%BF%92%E8%B3%87%E6%96%99/%E8%B3%87%E6%96%99%E8%90%83%E5%8F%96%E8%88%87%E6%AA%A2%E7%B4%A2/Assignment1/solr-7.7.0/server/contexts/] at interval 0
2019-03-24 16:19:21.574 INFO  (main) [   ] o.e.j.w.StandardDescriptorProcessor NO JSP Support for /solr, did not find org.apache.jasper.servlet.JspServlet
2019-03-24 16:19:21.587 INFO  (main) [   ] o.e.j.s.session DefaultSessionIdManager workerName=node0
2019-03-24 16:19:21.588 INFO  (main) [   ] o.e.j.s.session No SessionScavenger set, using defaults
2019-03-24 16:19:21.590 INFO  (main) [   ] o.e.j.s.session node0 Scavenging every 660000ms
2019-03-24 16:19:21.635 INFO  (main) [   ] o.a.s.u.c.SSLCredentialProviderFactory Processing SSL Credential Provider chain: env;sysprop
2019-03-24 16:19:21.658 INFO  (main) [   ] o.a.s.s.SolrDispatchFilter Using logger factory org.apache.logging.slf4j.Log4jLoggerFactory
2019-03-24 16:19:21.663 INFO  (main) [   ] o.a.s.s.SolrDispatchFilter  ___      _       Welcome to Apache Solr? version 7.7.0
2019-03-24 16:19:21.663 INFO  (main) [   ] o.a.s.s.SolrDispatchFilter / __| ___| |_ _   Starting in standalone mode on port 8983
2019-03-24 16:19:21.663 INFO  (main) [   ] o.a.s.s.SolrDispatchFilter \__ \/ _ \ | '_|  Install dir: D:\中央學習資料\資料萃取與檢索\Assignment1\solr-7.7.0
2019-03-24 16:19:21.664 INFO  (main) [   ] o.a.s.s.SolrDispatchFilter |___/\___/_|_|    Start time: 2019-03-24T16:19:21.664089800Z
2019-03-24 16:19:21.716 INFO  (main) [   ] o.a.s.c.SolrResourceLoader Using system property solr.solr.home: D:\中央學習資料\資料萃取與檢索\Assignment1\solr-7.7.0\server\solr
2019-03-24 16:19:21.725 INFO  (main) [   ] o.a.s.c.SolrXmlConfig Loading container configuration from D:\中央學習資料\資料萃取與檢索\Assignment1\solr-7.7.0\server\solr\solr.xml
2019-03-24 16:19:21.799 INFO  (main) [   ] o.a.s.c.SolrXmlConfig MBean server found: com.sun.jmx.mbeanserver.JmxMBeanServer@4e07b95f, but no JMX reporters were configured - adding default JMX reporter.
2019-03-24 16:19:22.195 INFO  (main) [   ] o.a.s.h.c.HttpShardHandlerFactory Host whitelist initialized: WhitelistHostChecker [whitelistHosts=null, whitelistHostCheckingEnabled=true]
2019-03-24 16:19:22.558 INFO  (main) [   ] o.a.s.c.TransientSolrCoreCacheDefault Allocating transient cache for 2147483647 transient cores
2019-03-24 16:19:22.560 INFO  (main) [   ] o.a.s.h.a.MetricsHistoryHandler No .system collection, keeping metrics history in memory.
2019-03-24 16:19:22.642 INFO  (main) [   ] o.a.s.m.r.SolrJmxReporter JMX monitoring for 'solr.node' (registry 'solr.node') enabled at server: com.sun.jmx.mbeanserver.JmxMBeanServer@4e07b95f
2019-03-24 16:19:22.643 INFO  (main) [   ] o.a.s.m.r.SolrJmxReporter JMX monitoring for 'solr.jvm' (registry 'solr.jvm') enabled at server: com.sun.jmx.mbeanserver.JmxMBeanServer@4e07b95f
2019-03-24 16:19:22.653 INFO  (main) [   ] o.a.s.m.r.SolrJmxReporter JMX monitoring for 'solr.jetty' (registry 'solr.jetty') enabled at server: com.sun.jmx.mbeanserver.JmxMBeanServer@4e07b95f
2019-03-24 16:19:22.710 INFO  (main) [   ] o.a.s.c.CorePropertiesLocator Found 2 core definitions underneath D:\中央學習資料\資料萃取與檢索\Assignment1\solr-7.7.0\server\solr
2019-03-24 16:19:22.711 INFO  (main) [   ] o.a.s.c.CorePropertiesLocator Cores are: [Assignment1, hello_solr]
2019-03-24 16:19:22.776 INFO  (coreLoadExecutor-9-thread-1) [   x:Assignment1] o.a.s.c.SolrResourceLoader [Assignment1] Added 58 libs to classloader, from paths: [/D:/中央學習資料/資料萃取與檢索/Assignment1/solr-7.7.0/contrib/clustering/lib, /D:/中央學習資料/資料萃取與檢索/Assignment1/solr-7.7.0/contrib/extraction/lib, /D:/中央學習資料/資料萃取與檢索/Assignment1/solr-7.7.0/contrib/langid/lib, /D:/中央學習資料/資料萃取與檢索/Assignment1/solr-7.7.0/contrib/velocity/lib, /D:/中央學習資料/資料萃取與檢索/Assignment1/solr-7.7.0/dist]
2019-03-24 16:19:22.776 INFO  (coreLoadExecutor-9-thread-2) [   x:hello_solr] o.a.s.c.SolrResourceLoader [hello_solr] Added 58 libs to classloader, from paths: [/D:/中央學習資料/資料萃取與檢索/Assignment1/solr-7.7.0/contrib/clustering/lib, /D:/中央學習資料/資料萃取與檢索/Assignment1/solr-7.7.0/contrib/extraction/lib, /D:/中央學習資料/資料萃取與檢索/Assignment1/solr-7.7.0/contrib/langid/lib, /D:/中央學習資料/資料萃取與檢索/Assignment1/solr-7.7.0/contrib/velocity/lib, /D:/中央學習資料/資料萃取與檢索/Assignment1/solr-7.7.0/dist]
2019-03-24 16:19:22.975 INFO  (coreLoadExecutor-9-thread-1) [   x:Assignment1] o.a.s.c.SolrConfig Using Lucene MatchVersion: 7.7.0
2019-03-24 16:19:22.976 INFO  (coreLoadExecutor-9-thread-2) [   x:hello_solr] o.a.s.c.SolrConfig Using Lucene MatchVersion: 7.7.0
2019-03-24 16:19:23.131 INFO  (main) [   ] o.e.j.s.h.ContextHandler Started o.e.j.w.WebAppContext@26fb628{/solr,file:///D:/%E4%B8%AD%E5%A4%AE%E5%AD%B8%E7%BF%92%E8%B3%87%E6%96%99/%E8%B3%87%E6%96%99%E8%90%83%E5%8F%96%E8%88%87%E6%AA%A2%E7%B4%A2/Assignment1/solr-7.7.0/server/solr-webapp/webapp/,AVAILABLE}{D:\中央學習資料\資料萃取與檢索\Assignment1\solr-7.7.0\server/solr-webapp/webapp}
2019-03-24 16:19:23.134 INFO  (coreLoadExecutor-9-thread-1) [   x:Assignment1] o.a.s.s.IndexSchema [Assignment1] Schema name=default-config
2019-03-24 16:19:23.139 INFO  (coreLoadExecutor-9-thread-2) [   x:hello_solr] o.a.s.s.IndexSchema [hello_solr] Schema name=default-config
2019-03-24 16:19:23.156 INFO  (main) [   ] o.e.j.s.AbstractConnector Started ServerConnector@706fe5c6{HTTP/1.1,[http/1.1]}{0.0.0.0:8983}
2019-03-24 16:19:23.156 INFO  (main) [   ] o.e.j.s.Server Started @3443ms
2019-03-24 16:19:23.316 INFO  (qtp1320388319-25) [   ] o.a.s.s.HttpSolrCall [admin] webapp=null path=/admin/info/system params={wt=json} status=0 QTime=88
2019-03-24 16:19:23.613 INFO  (coreLoadExecutor-9-thread-1) [   x:Assignment1] o.a.s.s.IndexSchema Loaded schema default-config/1.6 with uniqueid field id
2019-03-24 16:19:23.613 INFO  (coreLoadExecutor-9-thread-2) [   x:hello_solr] o.a.s.s.IndexSchema Loaded schema default-config/1.6 with uniqueid field id
2019-03-24 16:19:23.646 INFO  (coreLoadExecutor-9-thread-1) [   x:Assignment1] o.a.s.c.CoreContainer Creating SolrCore 'Assignment1' using configuration from instancedir D:\中央學習資料\資料萃取與檢索\Assignment1\solr-7.7.0\server\solr\Assignment1, trusted=true
2019-03-24 16:19:23.647 INFO  (coreLoadExecutor-9-thread-2) [   x:hello_solr] o.a.s.c.CoreContainer Creating SolrCore 'hello_solr' using configuration from instancedir D:\中央學習資料\資料萃取與檢索\Assignment1\solr-7.7.0\server\solr\hello_solr, trusted=true
2019-03-24 16:19:23.656 INFO  (coreLoadExecutor-9-thread-1) [   x:Assignment1] o.a.s.m.r.SolrJmxReporter JMX monitoring for 'solr.core.Assignment1' (registry 'solr.core.Assignment1') enabled at server: com.sun.jmx.mbeanserver.JmxMBeanServer@4e07b95f
2019-03-24 16:19:23.656 INFO  (coreLoadExecutor-9-thread-2) [   x:hello_solr] o.a.s.m.r.SolrJmxReporter JMX monitoring for 'solr.core.hello_solr' (registry 'solr.core.hello_solr') enabled at server: com.sun.jmx.mbeanserver.JmxMBeanServer@4e07b95f
2019-03-24 16:19:23.669 INFO  (coreLoadExecutor-9-thread-1) [   x:Assignment1] o.a.s.c.SolrCore [[Assignment1] ] Opening new SolrCore at [D:\中央學習資料\資料萃取與檢索\Assignment1\solr-7.7.0\server\solr\Assignment1], dataDir=[D:\中央學習資料\資料萃取與檢索\Assignment1\solr-7.7.0\server\solr\Assignment1\data\]
2019-03-24 16:19:23.669 INFO  (coreLoadExecutor-9-thread-2) [   x:hello_solr] o.a.s.c.SolrCore [[hello_solr] ] Opening new SolrCore at [D:\中央學習資料\資料萃取與檢索\Assignment1\solr-7.7.0\server\solr\hello_solr], dataDir=[D:\中央學習資料\資料萃取與檢索\Assignment1\solr-7.7.0\server\solr\hello_solr\data\]
2019-03-24 16:19:23.704 INFO  (coreLoadExecutor-9-thread-2) [   x:hello_solr] o.a.s.r.XSLTResponseWriter xsltCacheLifetimeSeconds=5
2019-03-24 16:19:23.704 INFO  (coreLoadExecutor-9-thread-1) [   x:Assignment1] o.a.s.r.XSLTResponseWriter xsltCacheLifetimeSeconds=5
2019-03-24 16:19:24.099 INFO  (coreLoadExecutor-9-thread-2) [   x:hello_solr] o.a.s.u.UpdateHandler Using UpdateLog implementation: org.apache.solr.update.UpdateLog
2019-03-24 16:19:24.099 INFO  (coreLoadExecutor-9-thread-1) [   x:Assignment1] o.a.s.u.UpdateHandler Using UpdateLog implementation: org.apache.solr.update.UpdateLog
2019-03-24 16:19:24.099 INFO  (coreLoadExecutor-9-thread-2) [   x:hello_solr] o.a.s.u.UpdateLog Initializing UpdateLog: dataDir= defaultSyncLevel=FLUSH numRecordsToKeep=100 maxNumLogsToKeep=10 numVersionBuckets=65536
2019-03-24 16:19:24.099 INFO  (coreLoadExecutor-9-thread-1) [   x:Assignment1] o.a.s.u.UpdateLog Initializing UpdateLog: dataDir= defaultSyncLevel=FLUSH numRecordsToKeep=100 maxNumLogsToKeep=10 numVersionBuckets=65536
2019-03-24 16:19:24.132 INFO  (coreLoadExecutor-9-thread-2) [   x:hello_solr] o.a.s.u.CommitTracker Hard AutoCommit: if uncommitted for 15000ms; 
2019-03-24 16:19:24.132 INFO  (coreLoadExecutor-9-thread-1) [   x:Assignment1] o.a.s.u.CommitTracker Hard AutoCommit: if uncommitted for 15000ms; 
2019-03-24 16:19:24.132 INFO  (coreLoadExecutor-9-thread-2) [   x:hello_solr] o.a.s.u.CommitTracker Soft AutoCommit: disabled
2019-03-24 16:19:24.132 INFO  (coreLoadExecutor-9-thread-1) [   x:Assignment1] o.a.s.u.CommitTracker Soft AutoCommit: disabled
2019-03-24 16:19:24.220 INFO  (coreLoadExecutor-9-thread-2) [   x:hello_solr] o.a.s.s.SolrIndexSearcher Opening [Searcher@75951ff4[hello_solr] main]
2019-03-24 16:19:24.220 INFO  (coreLoadExecutor-9-thread-1) [   x:Assignment1] o.a.s.s.SolrIndexSearcher Opening [Searcher@7fda0b5e[Assignment1] main]
2019-03-24 16:19:24.231 INFO  (coreLoadExecutor-9-thread-1) [   x:Assignment1] o.a.s.r.ManagedResourceStorage File-based storage initialized to use dir: D:\中央學習資料\資料萃取與檢索\Assignment1\solr-7.7.0\server\solr\Assignment1\conf
2019-03-24 16:19:24.231 INFO  (coreLoadExecutor-9-thread-2) [   x:hello_solr] o.a.s.r.ManagedResourceStorage File-based storage initialized to use dir: D:\中央學習資料\資料萃取與檢索\Assignment1\solr-7.7.0\server\solr\hello_solr\conf
2019-03-24 16:19:24.249 INFO  (coreLoadExecutor-9-thread-1) [   x:Assignment1] o.a.s.h.c.SpellCheckComponent Initializing spell checkers
2019-03-24 16:19:24.249 INFO  (coreLoadExecutor-9-thread-2) [   x:hello_solr] o.a.s.h.c.SpellCheckComponent Initializing spell checkers
2019-03-24 16:19:24.256 INFO  (coreLoadExecutor-9-thread-2) [   x:hello_solr] o.a.s.s.DirectSolrSpellChecker init: {name=default,field=_text_,classname=solr.DirectSolrSpellChecker,distanceMeasure=internal,accuracy=0.5,maxEdits=2,minPrefix=1,maxInspections=5,minQueryLength=4,maxQueryFrequency=0.01}
2019-03-24 16:19:24.256 INFO  (coreLoadExecutor-9-thread-1) [   x:Assignment1] o.a.s.s.DirectSolrSpellChecker init: {name=default,field=_text_,classname=solr.DirectSolrSpellChecker,distanceMeasure=internal,accuracy=0.5,maxEdits=2,minPrefix=1,maxInspections=5,minQueryLength=4,maxQueryFrequency=0.01}
2019-03-24 16:19:24.267 INFO  (coreLoadExecutor-9-thread-2) [   x:hello_solr] o.a.s.h.ReplicationHandler Commits will be reserved for 10000ms.
2019-03-24 16:19:24.267 INFO  (coreLoadExecutor-9-thread-1) [   x:Assignment1] o.a.s.h.ReplicationHandler Commits will be reserved for 10000ms.
2019-03-24 16:19:24.287 INFO  (searcherExecutor-11-thread-1-processing-x:hello_solr) [   x:hello_solr] o.a.s.c.QuerySenderListener QuerySenderListener sending requests to Searcher@75951ff4[hello_solr] main{ExitableDirectoryReader(UninvertingDirectoryReader(Uninverting(_3(7.7.0):C2:[diagnostics={java.runtime.version=11.0.2+9-LTS, java.vendor=Oracle Corporation, java.version=11.0.2, java.vm.version=11.0.2+9-LTS, lucene.version=7.7.0, os=Windows 10, os.arch=amd64, os.version=10.0, source=flush, timestamp=1553170436114}]:[attributes={Lucene50StoredFieldsFormat.mode=BEST_SPEED}])))}
2019-03-24 16:19:24.287 INFO  (searcherExecutor-11-thread-1-processing-x:hello_solr) [   x:hello_solr] o.a.s.c.QuerySenderListener QuerySenderListener done.
2019-03-24 16:19:24.288 INFO  (searcherExecutor-11-thread-1-processing-x:hello_solr) [   x:hello_solr] o.a.s.h.c.SpellCheckComponent Loading spell index for spellchecker: default
2019-03-24 16:19:24.288 INFO  (searcherExecutor-10-thread-1-processing-x:Assignment1) [   x:Assignment1] o.a.s.c.QuerySenderListener QuerySenderListener sending requests to Searcher@7fda0b5e[Assignment1] main{ExitableDirectoryReader(UninvertingDirectoryReader(Uninverting(_4(7.7.0):C722/361:[diagnostics={java.runtime.version=11.0.2+9-LTS, java.vendor=Oracle Corporation, java.version=11.0.2, java.vm.version=11.0.2+9-LTS, lucene.version=7.7.0, os=Windows 10, os.arch=amd64, os.version=10.0, source=flush, timestamp=1553440339690}]:[attributes={Lucene50StoredFieldsFormat.mode=BEST_SPEED}]:delGen=1)))}
2019-03-24 16:19:24.288 INFO  (searcherExecutor-10-thread-1-processing-x:Assignment1) [   x:Assignment1] o.a.s.c.QuerySenderListener QuerySenderListener done.
2019-03-24 16:19:24.288 INFO  (searcherExecutor-10-thread-1-processing-x:Assignment1) [   x:Assignment1] o.a.s.h.c.SpellCheckComponent Loading spell index for spellchecker: default
2019-03-24 16:19:24.295 INFO  (searcherExecutor-10-thread-1-processing-x:Assignment1) [   x:Assignment1] o.a.s.c.SolrCore [Assignment1] Registered new searcher Searcher@7fda0b5e[Assignment1] main{ExitableDirectoryReader(UninvertingDirectoryReader(Uninverting(_4(7.7.0):C722/361:[diagnostics={java.runtime.version=11.0.2+9-LTS, java.vendor=Oracle Corporation, java.version=11.0.2, java.vm.version=11.0.2+9-LTS, lucene.version=7.7.0, os=Windows 10, os.arch=amd64, os.version=10.0, source=flush, timestamp=1553440339690}]:[attributes={Lucene50StoredFieldsFormat.mode=BEST_SPEED}]:delGen=1)))}
2019-03-24 16:19:24.295 INFO  (searcherExecutor-11-thread-1-processing-x:hello_solr) [   x:hello_solr] o.a.s.c.SolrCore [hello_solr] Registered new searcher Searcher@75951ff4[hello_solr] main{ExitableDirectoryReader(UninvertingDirectoryReader(Uninverting(_3(7.7.0):C2:[diagnostics={java.runtime.version=11.0.2+9-LTS, java.vendor=Oracle Corporation, java.version=11.0.2, java.vm.version=11.0.2+9-LTS, lucene.version=7.7.0, os=Windows 10, os.arch=amd64, os.version=10.0, source=flush, timestamp=1553170436114}]:[attributes={Lucene50StoredFieldsFormat.mode=BEST_SPEED}])))}
2019-03-24 16:20:00.571 INFO  (qtp1320388319-18) [   x:Assignment1] o.a.s.c.S.Request [Assignment1]  webapp=/solr path=/select params={q=question:全職高手%2B的%2B網址%2B是什麼&indent=false&rows=10&wt=json} hits=360 status=0 QTime=39
2019-03-24 16:20:26.291 INFO  (qtp1320388319-20) [   x:Assignment1] o.a.s.c.S.Request [Assignment1]  webapp=/solr path=/select params={q=question:全職高手%2B的%2B作者%2B是誰&indent=false&rows=10&wt=json} hits=360 status=0 QTime=3
2019-03-24 16:20:54.501 INFO  (qtp1320388319-19) [   x:Assignment1] o.a.s.c.S.Request [Assignment1]  webapp=/solr path=/select params={q=question:神鬼劍士%2B的%2B網址%2B是什麼&indent=false&rows=10&wt=json} hits=360 status=0 QTime=2
2019-03-24 16:21:04.024 INFO  (qtp1320388319-17) [   x:Assignment1] o.a.s.c.S.Request [Assignment1]  webapp=/solr path=/select params={q=question:神鬼劍士%2B的%2B作者%2B是誰&indent=false&rows=10&wt=json} hits=360 status=0 QTime=2
2019-03-24 16:21:09.929 INFO  (qtp1320388319-16) [   x:Assignment1] o.a.s.c.S.Request [Assignment1]  webapp=/solr path=/select params={q=question:賊膽%2B的%2B網址%2B是什麼&indent=false&rows=10&wt=json} hits=360 status=0 QTime=2
2019-03-24 16:21:15.613 INFO  (qtp1320388319-24) [   x:Assignment1] o.a.s.c.S.Request [Assignment1]  webapp=/solr path=/select params={q=question:賊膽%2B的%2B作者%2B是誰&indent=false&rows=10&wt=json} hits=360 status=0 QTime=2
2019-03-24 16:21:21.363 INFO  (qtp1320388319-23) [   x:Assignment1] o.a.s.c.S.Request [Assignment1]  webapp=/solr path=/select params={q=question:猛龍過江%2B的%2B網址%2B是什麼&indent=false&rows=10&wt=json} hits=360 status=0 QTime=2
2019-03-24 16:21:25.855 INFO  (qtp1320388319-23) [   x:Assignment1] o.a.s.c.S.Request [Assignment1]  webapp=/solr path=/select params={q=question:猛龍過江%2B的%2B作者%2B是誰&indent=false&rows=10&wt=json} hits=360 status=0 QTime=2
2019-03-24 16:21:31.112 INFO  (qtp1320388319-19) [   x:Assignment1] o.a.s.c.S.Request [Assignment1]  webapp=/solr path=/select params={q=question:網遊%2B的%2B網址%2B是什麼&indent=false&rows=10&wt=json} hits=360 status=0 QTime=1
2019-03-24 16:21:35.876 INFO  (qtp1320388319-39) [   x:Assignment1] o.a.s.c.S.Request [Assignment1]  webapp=/solr path=/select params={q=question:網遊%2B的%2B作者%2B是誰&indent=false&rows=10&wt=json} hits=360 status=0 QTime=1
